<?xml version="1.0" encoding="UTF-8" ?>
<testsuite tests="1" failures="0" name="FileListTest" time="0.039" errors="0" skipped="0">
  <properties>
    <property name="java.vendor" value="Oracle Corporation"/>
    <property name="JOB_NAME" value="user02-test"/>
    <property name="PWD" value="/"/>
    <property name="sun.java.launcher" value="SUN_STANDARD"/>
    <property name="sun.management.compiler" value="HotSpot 64-Bit Tiered Compilers"/>
    <property name="JENKINS_HOME" value="/var/lib/jenkins"/>
    <property name="PATH" value="/sbin:/usr/sbin:/bin:/usr/bin"/>
    <property name="HUDSON_SERVER_COOKIE" value="28147d1c7831cece"/>
    <property name="POM_ARTIFACTID" value="mariaaaaa"/>
    <property name="os.name" value="Linux"/>
    <property name="sun.boot.class.path" value="/usr/lib/jvm/java-1.8.0-openjdk-1.8.0.171-8.b10.el7_5.x86_64/jre/lib/resources.jar:/usr/lib/jvm/java-1.8.0-openjdk-1.8.0.171-8.b10.el7_5.x86_64/jre/lib/rt.jar:/usr/lib/jvm/java-1.8.0-openjdk-1.8.0.171-8.b10.el7_5.x86_64/jre/lib/sunrsasign.jar:/usr/lib/jvm/java-1.8.0-openjdk-1.8.0.171-8.b10.el7_5.x86_64/jre/lib/jsse.jar:/usr/lib/jvm/java-1.8.0-openjdk-1.8.0.171-8.b10.el7_5.x86_64/jre/lib/jce.jar:/usr/lib/jvm/java-1.8.0-openjdk-1.8.0.171-8.b10.el7_5.x86_64/jre/lib/charsets.jar:/usr/lib/jvm/java-1.8.0-openjdk-1.8.0.171-8.b10.el7_5.x86_64/jre/lib/jfr.jar:/usr/lib/jvm/java-1.8.0-openjdk-1.8.0.171-8.b10.el7_5.x86_64/jre/classes"/>
    <property name="EXECUTOR_NUMBER" value="0"/>
    <property name="java.vm.specification.vendor" value="Oracle Corporation"/>
    <property name="POM_DISPLAYNAME" value="mariaaaaa"/>
    <property name="NODE_LABELS" value="master"/>
    <property name="java.runtime.version" value="1.8.0_171-b10"/>
    <property name="ROOT_BUILD_CAUSE" value="MANUALTRIGGER"/>
    <property name="user.name" value="jenkins"/>
    <property name="guice.disable.misplaced.annotation.check" value="true"/>
    <property name="extractor.used" value="true"/>
    <property name="user.language" value="en"/>
    <property name="JOB_BASE_NAME" value="user02-test"/>
    <property name="RUN_CHANGES_DISPLAY_URL" value="http://localhost:8080/job/user02-test/3/display/redirect?page=changes"/>
    <property name="BUILD_DISPLAY_NAME" value="#3"/>
    <property name="sun.boot.library.path" value="/usr/lib/jvm/java-1.8.0-openjdk-1.8.0.171-8.b10.el7_5.x86_64/jre/lib/amd64"/>
    <property name="GIT_PREVIOUS_SUCCESSFUL_COMMIT" value="5562534475d451e227a602ea3e111677ea684241"/>
    <property name="java.version" value="1.8.0_171"/>
    <property name="user.timezone" value="UTC"/>
    <property name="sun.arch.data.model" value="64"/>
    <property name="NODE_NAME" value="master"/>
    <property name="RELEASE_SCM_BRANCH" value="REL-BRANCH-mariaaaaa-0.2.8"/>
    <property name="java.endorsed.dirs" value="/usr/lib/jvm/java-1.8.0-openjdk-1.8.0.171-8.b10.el7_5.x86_64/jre/lib/endorsed"/>
    <property name="BUILD_ID" value="3"/>
    <property name="sun.cpu.isalist" value=""/>
    <property name="sun.jnu.encoding" value="UTF-8"/>
    <property name="file.encoding.pkg" value="sun.io"/>
    <property name="SHELL" value="/bin/bash"/>
    <property name="file.separator" value="/"/>
    <property name="java.specification.name" value="Java Platform API Specification"/>
    <property name="maven.conf" value="/var/lib/jenkins/tools/hudson.tasks.Maven_MavenInstallation/_usr_bin_mvn/conf"/>
    <property name="java.class.version" value="52.0"/>
    <property name="org.slf4j.simpleLogger.defaultLogLevel" value="info"/>
    <property name="user.country" value="US"/>
    <property name="securerandom.source" value="file:/dev/./urandom"/>
    <property name="java.home" value="/usr/lib/jvm/java-1.8.0-openjdk-1.8.0.171-8.b10.el7_5.x86_64/jre"/>
    <property name="java.vm.info" value="mixed mode"/>
    <property name="os.version" value="3.10.0-862.3.3.el7.x86_64"/>
    <property name="RUN_DISPLAY_URL" value="http://localhost:8080/job/user02-test/3/display/redirect"/>
    <property name="POM_VERSION" value="0.2.8-SNAPSHOT"/>
    <property name="sun.font.fontmanager" value="sun.awt.X11FontManager"/>
    <property name="path.separator" value=":"/>
    <property name="java.vm.version" value="25.171-b10"/>
    <property name="GIT_PREVIOUS_COMMIT" value="5562534475d451e227a602ea3e111677ea684241"/>
    <property name="JOB_DISPLAY_URL" value="http://localhost:8080/job/user02-test/display/redirect"/>
    <property name="RT_RELEASE_STAGING_NEXT_VERSION" value="0.2.12-SNAPSHOT"/>
    <property name="SHLVL" value="2"/>
    <property name="_" value="/etc/alternatives/java"/>
    <property name="java.awt.printerjob" value="sun.print.PSPrinterJob"/>
    <property name="sun.io.unicode.encoding" value="UnicodeLittle"/>
    <property name="awt.toolkit" value="sun.awt.X11.XToolkit"/>
    <property name="LOGNAME" value="jenkins"/>
    <property name="POM_PACKAGING" value="jar"/>
    <property name="HOME" value="/var/lib/jenkins"/>
    <property name="RT_RELEASE_STAGING_VERSION" value="0.2.11"/>
    <property name="POM_GROUPID" value="org.codehub.components"/>
    <property name="user.home" value="/var/lib/jenkins"/>
    <property name="BUILD_TAG" value="jenkins-user02-test-3"/>
    <property name="JENKINS_SERVER_COOKIE" value="28147d1c7831cece"/>
    <property name="HUDSON_URL" value="http://localhost:8080/"/>
    <property name="java.specification.vendor" value="Oracle Corporation"/>
    <property name="CLASSPATH" value=""/>
    <property name="java.vendor.url" value="http://java.oracle.com/"/>
    <property name="java.library.path" value="/usr/java/packages/lib/amd64:/usr/lib64:/lib64:/lib:/usr/lib"/>
    <property name="ROOT_BUILD_CAUSE_MANUALTRIGGER" value="true"/>
    <property name="java.vm.vendor" value="Oracle Corporation"/>
    <property name="java.runtime.name" value="OpenJDK Runtime Environment"/>
    <property name="maven.home" value="/var/lib/jenkins/tools/hudson.tasks.Maven_MavenInstallation/_usr_bin_mvn"/>
    <property name="java.class.path" value="/var/lib/jenkins/plugins/maven-plugin/WEB-INF/lib/maven35-agent-1.12-alpha-1.jar:/var/lib/jenkins/tools/hudson.tasks.Maven_MavenInstallation/_usr_bin_mvn/boot/plexus-classworlds-2.5.2.jar:/var/lib/jenkins/tools/hudson.tasks.Maven_MavenInstallation/_usr_bin_mvn/conf/logging"/>
    <property name="sun.java.command" value="jenkins.maven3.agent.Maven35Main /var/lib/jenkins/tools/hudson.tasks.Maven_MavenInstallation/_usr_bin_mvn /var/cache/jenkins/war/WEB-INF/lib/remoting-3.20.jar /var/lib/jenkins/plugins/maven-plugin/WEB-INF/lib/maven35-interceptor-1.12-alpha-1.jar /var/lib/jenkins/plugins/maven-plugin/WEB-INF/lib/maven3-interceptor-commons-1.12-alpha-1.jar 34455"/>
    <property name="java.vm.specification.name" value="Java Virtual Machine Specification"/>
    <property name="java.vm.specification.version" value="1.8"/>
    <property name="sun.os.patch.level" value="unknown"/>
    <property name="sun.cpu.endian" value="little"/>
    <property name="M2_HOME" value="/var/lib/jenkins/tools/hudson.tasks.Maven_MavenInstallation/_usr_bin_mvn"/>
    <property name="java.io.tmpdir" value="/tmp"/>
    <property name="HUDSON_HOME" value="/var/lib/jenkins"/>
    <property name="PATH+MAVEN" value="/var/lib/jenkins/tools/hudson.tasks.Maven_MavenInstallation/_usr_bin_mvn/bin"/>
    <property name="BUILD_URL" value="http://localhost:8080/job/user02-test/3/"/>
    <property name="java.vendor.url.bug" value="http://bugreport.sun.com/bugreport/"/>
    <property name="buildInfoConfig.propertiesFile" value="/var/lib/jenkins/workspace/user02-test@tmp/buildInfo6895616755415618036.properties"/>
    <property name="java.awt.graphicsenv" value="sun.awt.X11GraphicsEnvironment"/>
    <property name="os.arch" value="amd64"/>
    <property name="java.ext.dirs" value="/usr/lib/jvm/java-1.8.0-openjdk-1.8.0.171-8.b10.el7_5.x86_64/jre/lib/ext:/usr/java/packages/lib/ext"/>
    <property name="user.dir" value="/var/lib/jenkins/workspace/user02-test"/>
    <property name="JOB_URL" value="http://localhost:8080/job/user02-test/"/>
    <property name="line.separator" value="
"/>
    <property name="MAVEN_HOME" value="/var/lib/jenkins/tools/hudson.tasks.Maven_MavenInstallation/_usr_bin_mvn"/>
    <property name="java.vm.name" value="OpenJDK 64-Bit Server VM"/>
    <property name="BUILD_NUMBER" value="3"/>
    <property name="JENKINS_URL" value="http://localhost:8080/"/>
    <property name="GIT_BRANCH" value="origin/master"/>
    <property name="RT_RELEASE_STAGING_SCM_BRANCH" value="REL-BRANCH-mariaaaaa-0.2.8"/>
    <property name="BUILD_CAUSE_MANUALTRIGGER" value="true"/>
    <property name="GIT_COMMIT" value="5562534475d451e227a602ea3e111677ea684241"/>
    <property name="RELEASE_SCM_TAG" value="mariaaaaa-0.2.8"/>
    <property name="file.encoding" value="UTF-8"/>
    <property name="LANG" value="en_US.UTF-8"/>
    <property name="maven3.interceptor" value="/var/lib/jenkins/plugins/maven-plugin/WEB-INF/lib/maven35-interceptor-1.12-alpha-1.jar"/>
    <property name="WORKSPACE" value="/var/lib/jenkins/workspace/user02-test"/>
    <property name="maven3.interceptor.common" value="/var/lib/jenkins/plugins/maven-plugin/WEB-INF/lib/maven3-interceptor-commons-1.12-alpha-1.jar"/>
    <property name="RT_RELEASE_STAGING_SCM_TAG" value="mariaaaaa-0.2.8"/>
    <property name="java.specification.version" value="1.8"/>
    <property name="BUILD_CAUSE" value="MANUALTRIGGER"/>
    <property name="USER" value="jenkins"/>
    <property name="GIT_URL" value="https://github.com/maria-ad/user02-test"/>
  </properties>
  <testcase classname="FileListTest" name="testFileListGetList" time="0.039"/>
</testsuite>